

Processing ContasController#index (for ::1 at 2010-07-04 19:16:29) [GET]
Filter chain halted as [:authenticate] rendered_or_redirected.
Completed in 1ms (View: 1, DB: 0) | 401 Unauthorized [http://financeiro.localhost/contas]


Processing ContasController#index (for ::1 at 2010-07-04 19:16:41) [GET]

ActiveRecord::StatementInvalid (SQLite3::SQLException: no such table: contas: SELECT * FROM "contas" ):
  app/controllers/contas_controller.rb:5:in `index'
  passenger (2.2.15) lib/phusion_passenger/rack/request_handler.rb:92:in `process_request'
  passenger (2.2.15) lib/phusion_passenger/abstract_request_handler.rb:207:in `main_loop'
  passenger (2.2.15) lib/phusion_passenger/railz/application_spawner.rb:441:in `start_request_handler'
  passenger (2.2.15) lib/phusion_passenger/railz/application_spawner.rb:381:in `handle_spawn_application'
  passenger (2.2.15) lib/phusion_passenger/utils.rb:252:in `safe_fork'
  passenger (2.2.15) lib/phusion_passenger/railz/application_spawner.rb:377:in `handle_spawn_application'
  passenger (2.2.15) lib/phusion_passenger/abstract_server.rb:352:in `__send__'
  passenger (2.2.15) lib/phusion_passenger/abstract_server.rb:352:in `main_loop'
  passenger (2.2.15) lib/phusion_passenger/abstract_server.rb:196:in `start_synchronously'
  passenger (2.2.15) lib/phusion_passenger/abstract_server.rb:163:in `start'
  passenger (2.2.15) lib/phusion_passenger/railz/application_spawner.rb:222:in `start'
  passenger (2.2.15) lib/phusion_passenger/spawn_manager.rb:253:in `spawn_rails_application'
  passenger (2.2.15) lib/phusion_passenger/abstract_server_collection.rb:126:in `lookup_or_add'
  passenger (2.2.15) lib/phusion_passenger/spawn_manager.rb:247:in `spawn_rails_application'
  passenger (2.2.15) lib/phusion_passenger/abstract_server_collection.rb:80:in `synchronize'
  passenger (2.2.15) lib/phusion_passenger/abstract_server_collection.rb:79:in `synchronize'
  passenger (2.2.15) lib/phusion_passenger/spawn_manager.rb:246:in `spawn_rails_application'
  passenger (2.2.15) lib/phusion_passenger/spawn_manager.rb:145:in `spawn_application'
  passenger (2.2.15) lib/phusion_passenger/spawn_manager.rb:278:in `handle_spawn_application'
  passenger (2.2.15) lib/phusion_passenger/abstract_server.rb:352:in `__send__'
  passenger (2.2.15) lib/phusion_passenger/abstract_server.rb:352:in `main_loop'
  passenger (2.2.15) lib/phusion_passenger/abstract_server.rb:196:in `start_synchronously'

Rendering rescues/layout (internal_server_error)


Processing MovimentosController#index (for ::1 at 2010-07-04 19:16:58) [GET]

ActiveRecord::StatementInvalid (SQLite3::SQLException: no such table: movimentos: SELECT * FROM "movimentos" ):
  app/controllers/movimentos_controller.rb:17:in `index'
  passenger (2.2.15) lib/phusion_passenger/rack/request_handler.rb:92:in `process_request'
  passenger (2.2.15) lib/phusion_passenger/abstract_request_handler.rb:207:in `main_loop'
  passenger (2.2.15) lib/phusion_passenger/railz/application_spawner.rb:441:in `start_request_handler'
  passenger (2.2.15) lib/phusion_passenger/railz/application_spawner.rb:381:in `handle_spawn_application'
  passenger (2.2.15) lib/phusion_passenger/utils.rb:252:in `safe_fork'
  passenger (2.2.15) lib/phusion_passenger/railz/application_spawner.rb:377:in `handle_spawn_application'
  passenger (2.2.15) lib/phusion_passenger/abstract_server.rb:352:in `__send__'
  passenger (2.2.15) lib/phusion_passenger/abstract_server.rb:352:in `main_loop'
  passenger (2.2.15) lib/phusion_passenger/abstract_server.rb:196:in `start_synchronously'
  passenger (2.2.15) lib/phusion_passenger/abstract_server.rb:163:in `start'
  passenger (2.2.15) lib/phusion_passenger/railz/application_spawner.rb:222:in `start'
  passenger (2.2.15) lib/phusion_passenger/spawn_manager.rb:253:in `spawn_rails_application'
  passenger (2.2.15) lib/phusion_passenger/abstract_server_collection.rb:126:in `lookup_or_add'
  passenger (2.2.15) lib/phusion_passenger/spawn_manager.rb:247:in `spawn_rails_application'
  passenger (2.2.15) lib/phusion_passenger/abstract_server_collection.rb:80:in `synchronize'
  passenger (2.2.15) lib/phusion_passenger/abstract_server_collection.rb:79:in `synchronize'
  passenger (2.2.15) lib/phusion_passenger/spawn_manager.rb:246:in `spawn_rails_application'
  passenger (2.2.15) lib/phusion_passenger/spawn_manager.rb:145:in `spawn_application'
  passenger (2.2.15) lib/phusion_passenger/spawn_manager.rb:278:in `handle_spawn_application'
  passenger (2.2.15) lib/phusion_passenger/abstract_server.rb:352:in `__send__'
  passenger (2.2.15) lib/phusion_passenger/abstract_server.rb:352:in `main_loop'
  passenger (2.2.15) lib/phusion_passenger/abstract_server.rb:196:in `start_synchronously'

Rendering rescues/layout (internal_server_error)


Processing PagamentosController#index (for ::1 at 2010-07-04 19:17:06) [GET]

ActiveRecord::StatementInvalid (SQLite3::SQLException: no such table: pagamentos: SELECT * FROM "pagamentos" ):
  app/controllers/pagamentos_controller.rb:5:in `index'
  passenger (2.2.15) lib/phusion_passenger/rack/request_handler.rb:92:in `process_request'
  passenger (2.2.15) lib/phusion_passenger/abstract_request_handler.rb:207:in `main_loop'
  passenger (2.2.15) lib/phusion_passenger/railz/application_spawner.rb:441:in `start_request_handler'
  passenger (2.2.15) lib/phusion_passenger/railz/application_spawner.rb:381:in `handle_spawn_application'
  passenger (2.2.15) lib/phusion_passenger/utils.rb:252:in `safe_fork'
  passenger (2.2.15) lib/phusion_passenger/railz/application_spawner.rb:377:in `handle_spawn_application'
  passenger (2.2.15) lib/phusion_passenger/abstract_server.rb:352:in `__send__'
  passenger (2.2.15) lib/phusion_passenger/abstract_server.rb:352:in `main_loop'
  passenger (2.2.15) lib/phusion_passenger/abstract_server.rb:196:in `start_synchronously'
  passenger (2.2.15) lib/phusion_passenger/abstract_server.rb:163:in `start'
  passenger (2.2.15) lib/phusion_passenger/railz/application_spawner.rb:222:in `start'
  passenger (2.2.15) lib/phusion_passenger/spawn_manager.rb:253:in `spawn_rails_application'
  passenger (2.2.15) lib/phusion_passenger/abstract_server_collection.rb:126:in `lookup_or_add'
  passenger (2.2.15) lib/phusion_passenger/spawn_manager.rb:247:in `spawn_rails_application'
  passenger (2.2.15) lib/phusion_passenger/abstract_server_collection.rb:80:in `synchronize'
  passenger (2.2.15) lib/phusion_passenger/abstract_server_collection.rb:79:in `synchronize'
  passenger (2.2.15) lib/phusion_passenger/spawn_manager.rb:246:in `spawn_rails_application'
  passenger (2.2.15) lib/phusion_passenger/spawn_manager.rb:145:in `spawn_application'
  passenger (2.2.15) lib/phusion_passenger/spawn_manager.rb:278:in `handle_spawn_application'
  passenger (2.2.15) lib/phusion_passenger/abstract_server.rb:352:in `__send__'
  passenger (2.2.15) lib/phusion_passenger/abstract_server.rb:352:in `main_loop'
  passenger (2.2.15) lib/phusion_passenger/abstract_server.rb:196:in `start_synchronously'

Rendering rescues/layout (internal_server_error)


Processing TiposController#index (for ::1 at 2010-07-04 19:18:36) [GET]

ActiveRecord::StatementInvalid (SQLite3::SQLException: no such table: tipos: SELECT * FROM "tipos" ):
  app/controllers/tipos_controller.rb:5:in `index'
  passenger (2.2.15) lib/phusion_passenger/rack/request_handler.rb:92:in `process_request'
  passenger (2.2.15) lib/phusion_passenger/abstract_request_handler.rb:207:in `main_loop'
  passenger (2.2.15) lib/phusion_passenger/railz/application_spawner.rb:441:in `start_request_handler'
  passenger (2.2.15) lib/phusion_passenger/railz/application_spawner.rb:381:in `handle_spawn_application'
  passenger (2.2.15) lib/phusion_passenger/utils.rb:252:in `safe_fork'
  passenger (2.2.15) lib/phusion_passenger/railz/application_spawner.rb:377:in `handle_spawn_application'
  passenger (2.2.15) lib/phusion_passenger/abstract_server.rb:352:in `__send__'
  passenger (2.2.15) lib/phusion_passenger/abstract_server.rb:352:in `main_loop'
  passenger (2.2.15) lib/phusion_passenger/abstract_server.rb:196:in `start_synchronously'
  passenger (2.2.15) lib/phusion_passenger/abstract_server.rb:163:in `start'
  passenger (2.2.15) lib/phusion_passenger/railz/application_spawner.rb:222:in `start'
  passenger (2.2.15) lib/phusion_passenger/spawn_manager.rb:253:in `spawn_rails_application'
  passenger (2.2.15) lib/phusion_passenger/abstract_server_collection.rb:126:in `lookup_or_add'
  passenger (2.2.15) lib/phusion_passenger/spawn_manager.rb:247:in `spawn_rails_application'
  passenger (2.2.15) lib/phusion_passenger/abstract_server_collection.rb:80:in `synchronize'
  passenger (2.2.15) lib/phusion_passenger/abstract_server_collection.rb:79:in `synchronize'
  passenger (2.2.15) lib/phusion_passenger/spawn_manager.rb:246:in `spawn_rails_application'
  passenger (2.2.15) lib/phusion_passenger/spawn_manager.rb:145:in `spawn_application'
  passenger (2.2.15) lib/phusion_passenger/spawn_manager.rb:278:in `handle_spawn_application'
  passenger (2.2.15) lib/phusion_passenger/abstract_server.rb:352:in `__send__'
  passenger (2.2.15) lib/phusion_passenger/abstract_server.rb:352:in `main_loop'
  passenger (2.2.15) lib/phusion_passenger/abstract_server.rb:196:in `start_synchronously'

Rendering rescues/layout (internal_server_error)


Processing TiposController#index (for ::1 at 2010-07-04 19:22:00) [GET]

ActiveRecord::StatementInvalid (SQLite3::SQLException: no such table: tipos: SELECT * FROM "tipos" ):
  app/controllers/tipos_controller.rb:5:in `index'
  passenger (2.2.15) lib/phusion_passenger/rack/request_handler.rb:92:in `process_request'
  passenger (2.2.15) lib/phusion_passenger/abstract_request_handler.rb:207:in `main_loop'
  passenger (2.2.15) lib/phusion_passenger/railz/application_spawner.rb:441:in `start_request_handler'
  passenger (2.2.15) lib/phusion_passenger/railz/application_spawner.rb:381:in `handle_spawn_application'
  passenger (2.2.15) lib/phusion_passenger/utils.rb:252:in `safe_fork'
  passenger (2.2.15) lib/phusion_passenger/railz/application_spawner.rb:377:in `handle_spawn_application'
  passenger (2.2.15) lib/phusion_passenger/abstract_server.rb:352:in `__send__'
  passenger (2.2.15) lib/phusion_passenger/abstract_server.rb:352:in `main_loop'
  passenger (2.2.15) lib/phusion_passenger/abstract_server.rb:196:in `start_synchronously'
  passenger (2.2.15) lib/phusion_passenger/abstract_server.rb:163:in `start'
  passenger (2.2.15) lib/phusion_passenger/railz/application_spawner.rb:222:in `start'
  passenger (2.2.15) lib/phusion_passenger/spawn_manager.rb:253:in `spawn_rails_application'
  passenger (2.2.15) lib/phusion_passenger/abstract_server_collection.rb:126:in `lookup_or_add'
  passenger (2.2.15) lib/phusion_passenger/spawn_manager.rb:247:in `spawn_rails_application'
  passenger (2.2.15) lib/phusion_passenger/abstract_server_collection.rb:80:in `synchronize'
  passenger (2.2.15) lib/phusion_passenger/abstract_server_collection.rb:79:in `synchronize'
  passenger (2.2.15) lib/phusion_passenger/spawn_manager.rb:246:in `spawn_rails_application'
  passenger (2.2.15) lib/phusion_passenger/spawn_manager.rb:145:in `spawn_application'
  passenger (2.2.15) lib/phusion_passenger/spawn_manager.rb:278:in `handle_spawn_application'
  passenger (2.2.15) lib/phusion_passenger/abstract_server.rb:352:in `__send__'
  passenger (2.2.15) lib/phusion_passenger/abstract_server.rb:352:in `main_loop'
  passenger (2.2.15) lib/phusion_passenger/abstract_server.rb:196:in `start_synchronously'

Rendering rescues/layout (internal_server_error)


Processing ContasController#index (for ::1 at 2010-07-04 20:18:41) [GET]
Rendering template within layouts/contas
Rendering contas/index
Completed in 43ms (View: 35, DB: 3) | 200 OK [http://financeiro.localhost/contas]


Processing MovimentosController#index (for ::1 at 2010-07-04 20:18:44) [GET]
Rendering template within layouts/movimentos
Rendering movimentos/index
Completed in 64ms (View: 57, DB: 4) | 200 OK [http://financeiro.localhost/movimentos]


Processing PagamentosController#index (for ::1 at 2010-07-04 20:18:45) [GET]
Rendering template within layouts/pagamentos
Rendering pagamentos/index
Completed in 413ms (View: 409, DB: 1) | 200 OK [http://financeiro.localhost/pagamentos]


Processing ContasController#index (for ::1 at 2010-07-04 20:19:15) [GET]
Rendering template within layouts/contas
Rendering contas/index
Completed in 43ms (View: 35, DB: 3) | 200 OK [http://financeiro.localhost/contas]


Processing ContasController#index (for ::1 at 2010-07-04 20:19:16) [GET]
Rendering template within layouts/contas
Rendering contas/index
Completed in 27ms (View: 23, DB: 2) | 200 OK [http://financeiro.localhost/contas]


Processing MovimentosController#index (for ::1 at 2010-07-04 20:19:28) [GET]
Rendering template within layouts/movimentos
Rendering movimentos/index
Completed in 421ms (View: 415, DB: 4) | 200 OK [http://financeiro.localhost/movimentos]


Processing ContasController#index (for ::1 at 2010-07-04 20:19:30) [GET]
Rendering template within layouts/contas
Rendering contas/index
Completed in 24ms (View: 21, DB: 2) | 200 OK [http://financeiro.localhost/contas]


Processing ContasController#show (for ::1 at 2010-07-04 20:19:54) [GET]
  Parameters: {"id"=>"3"}
Rendering template within layouts/contas
Rendering contas/show
Completed in 8ms (View: 6, DB: 1) | 200 OK [http://financeiro.localhost/contas/3]


Processing MovimentosController#new (for ::1 at 2010-07-04 20:19:57) [GET]
  Parameters: {"conta_id"=>"3"}
Rendering template within layouts/movimentos
Rendering movimentos/new
Completed in 41ms (View: 40, DB: 1) | 200 OK [http://financeiro.localhost/movimentos/new?conta_id=3]


Processing MovimentosController#create (for ::1 at 2010-07-04 20:20:38) [POST]
  Parameters: {"commit"=>"Create", "authenticity_token"=>"AsJP943y/sUdqf6CrcNFbTWFhappUB2b6RpPH8HYqz8=", "movimento"=>{"dia(3i)"=>"4", "conta_id"=>"3", "valor"=>"55.99", "tipo_id"=>"2", "descricao"=>"", "dia(1i)"=>"2010", "dia(2i)"=>"7"}}
Redirected to http://financeiro.localhost/movimentos/13
Completed in 6ms (DB: 0) | 302 Found [http://financeiro.localhost/movimentos]


Processing MovimentosController#show (for ::1 at 2010-07-04 20:20:38) [GET]
  Parameters: {"id"=>"13"}
Rendering template within layouts/movimentos
Rendering movimentos/show
Completed in 4ms (View: 2, DB: 0) | 200 OK [http://financeiro.localhost/movimentos/13]


Processing ContasController#index (for ::1 at 2010-07-04 20:20:41) [GET]
Rendering template within layouts/contas
Rendering contas/index
Completed in 24ms (View: 21, DB: 2) | 200 OK [http://financeiro.localhost/contas]


Processing MovimentosController#index (for ::1 at 2010-07-04 20:20:46) [GET]
Rendering template within layouts/movimentos
Rendering movimentos/index
Completed in 54ms (View: 49, DB: 3) | 200 OK [http://financeiro.localhost/movimentos]


Processing PagamentosController#index (for ::1 at 2010-07-04 20:20:48) [GET]
Rendering template within layouts/pagamentos
Rendering pagamentos/index
Completed in 108ms (View: 104, DB: 1) | 200 OK [http://financeiro.localhost/pagamentos]


Processing TiposController#index (for ::1 at 2010-07-04 20:20:56) [GET]
Rendering template within layouts/tipos
Rendering tipos/index
Completed in 26ms (View: 23, DB: 0) | 200 OK [http://financeiro.localhost/tipos]


Processing PagamentosController#index (for ::1 at 2010-07-04 20:20:58) [GET]
Rendering template within layouts/pagamentos
Rendering pagamentos/index
Completed in 32ms (View: 30, DB: 1) | 200 OK [http://financeiro.localhost/pagamentos]


Processing MovimentosController#index (for ::1 at 2010-07-04 20:21:02) [GET]
Rendering template within layouts/movimentos
Rendering movimentos/index
Completed in 55ms (View: 51, DB: 4) | 200 OK [http://financeiro.localhost/movimentos]


Processing ContasController#index (for ::1 at 2010-07-04 20:21:03) [GET]
Rendering template within layouts/contas
Rendering contas/index
Completed in 24ms (View: 20, DB: 2) | 200 OK [http://financeiro.localhost/contas]


Processing ContasController#show (for ::1 at 2010-07-04 20:21:15) [GET]
  Parameters: {"id"=>"3"}
Rendering template within layouts/contas
Rendering contas/show
Completed in 10ms (View: 8, DB: 1) | 200 OK [http://financeiro.localhost/contas/3]


Processing ContasController#show (for ::1 at 2010-07-04 20:41:07) [GET]
  Parameters: {"id"=>"3"}
Rendering template within layouts/contas
Rendering contas/show
Completed in 27ms (View: 20, DB: 1) | 200 OK [http://financeiro.localhost/contas/3]


Processing ContasController#index (for ::1 at 2010-07-04 20:41:10) [GET]
Rendering template within layouts/contas
Rendering contas/index
Completed in 29ms (View: 25, DB: 3) | 200 OK [http://financeiro.localhost/contas]


Processing ContasController#index (for ::1 at 2010-07-04 20:41:12) [GET]
Rendering template within layouts/contas
Rendering contas/index
Completed in 28ms (View: 24, DB: 3) | 200 OK [http://financeiro.localhost/contas]


Processing ContasController#new (for ::1 at 2010-07-04 20:45:16) [GET]
Rendering template within layouts/contas
Rendering contas/new
Completed in 6ms (View: 5, DB: 0) | 200 OK [http://financeiro.localhost/contas/new]


Processing ContasController#create (for ::1 at 2010-07-04 20:45:21) [POST]
  Parameters: {"commit"=>"Create", "authenticity_token"=>"AsJP943y/sUdqf6CrcNFbTWFhappUB2b6RpPH8HYqz8=", "conta"=>{"nome"=>"Teste", "descricao"=>""}}
Redirected to http://financeiro.localhost/contas/6
Completed in 7ms (DB: 0) | 302 Found [http://financeiro.localhost/contas]


Processing ContasController#show (for ::1 at 2010-07-04 20:45:21) [GET]
  Parameters: {"id"=>"6"}
Rendering template within layouts/contas
Rendering contas/show
Completed in 4ms (View: 3, DB: 0) | 200 OK [http://financeiro.localhost/contas/6]


Processing ContasController#index (for ::1 at 2010-07-04 20:45:25) [GET]
Rendering template within layouts/contas
Rendering contas/index
Completed in 421ms (View: 417, DB: 3) | 200 OK [http://financeiro.localhost/contas]


Processing ContasController#destroy (for ::1 at 2010-07-04 20:45:29) [DELETE]
  Parameters: {"authenticity_token"=>"AsJP943y/sUdqf6CrcNFbTWFhappUB2b6RpPH8HYqz8=", "id"=>"6"}
Redirected to http://financeiro.localhost/contas
Completed in 5ms (DB: 1) | 302 Found [http://financeiro.localhost/contas/6]


Processing ContasController#index (for ::1 at 2010-07-04 20:45:29) [GET]
Rendering template within layouts/contas
Rendering contas/index
Completed in 24ms (View: 21, DB: 2) | 200 OK [http://financeiro.localhost/contas]
